
> affiliate-template-72325@1.0.0 dev /Users/mhaniff/affiliate-template-72325
> turbo run dev

turbo 2.5.5

â€¢ Packages in scope: @affiliate/ai, @affiliate/cms, @affiliate/db, @affiliate/eslint-config-custom, @affiliate/shared-types, @affiliate/ui, admin, web
â€¢ Running dev in 8 packages
â€¢ Remote caching disabled
@affiliate/ai:dev: cache bypass, force executing d164fad3cf46a0d2
@affiliate/db:dev: cache bypass, force executing f00414ea4759c172
admin:dev: cache bypass, force executing 542c6cb6e469a7d4
@affiliate/shared-types:dev: cache bypass, force executing a0277250ebbd2e7d
@affiliate/cms:dev: cache bypass, force executing 5d6d7141ef36c22b
@affiliate/ui:dev: cache bypass, force executing 007f3607c1fe5d74
web:dev: cache bypass, force executing 272641daf4d5d741
@affiliate/db:dev: 
@affiliate/db:dev: > @affiliate/db@1.0.0 dev /Users/mhaniff/affiliate-template-72325/packages/db
@affiliate/db:dev: > tsc --watch
@affiliate/db:dev: 
@affiliate/ai:dev: 
@affiliate/ai:dev: > @affiliate/ai@0.0.0 dev /Users/mhaniff/affiliate-template-72325/packages/ai
@affiliate/ai:dev: > tsc --watch
@affiliate/ai:dev: 
admin:dev: 
admin:dev: > admin@0.1.0 dev /Users/mhaniff/affiliate-template-72325/apps/admin
admin:dev: > next dev
admin:dev: 
@affiliate/shared-types:dev: 
@affiliate/shared-types:dev: > @affiliate/shared-types@1.0.0 dev /Users/mhaniff/affiliate-template-72325/packages/shared-types
@affiliate/shared-types:dev: > tsc --watch
@affiliate/shared-types:dev: 
web:dev: 
web:dev: > web@0.1.0 dev /Users/mhaniff/affiliate-template-72325/apps/web
web:dev: > next dev
web:dev: 
@affiliate/cms:dev: 
@affiliate/cms:dev: > @affiliate/cms@0.0.0 dev /Users/mhaniff/affiliate-template-72325/packages/cms
@affiliate/cms:dev: > tsc --watch
@affiliate/cms:dev: 
@affiliate/ui:dev: 
@affiliate/ui:dev: > @affiliate/ui@1.0.0 dev /Users/mhaniff/affiliate-template-72325/packages/ui
@affiliate/ui:dev: > tsc --watch
@affiliate/ui:dev: 
@affiliate/db:dev: [2J[3J[H9:37:52 AM - Starting compilation in watch mode...
@affiliate/db:dev: 
@affiliate/shared-types:dev: [2J[3J[H9:37:52 AM - Starting compilation in watch mode...
@affiliate/shared-types:dev: 
@affiliate/ai:dev: [2J[3J[H9:37:53 AM - Starting compilation in watch mode...
@affiliate/ai:dev: 
@affiliate/ui:dev: [2J[3J[H9:37:53 AM - Starting compilation in watch mode...
@affiliate/ui:dev: 
@affiliate/cms:dev: [2J[3J[H9:37:53 AM - Starting compilation in watch mode...
@affiliate/cms:dev: 
admin:dev:   â–² Next.js 14.2.30
admin:dev:   - Local:        http://localhost:3000
admin:dev:   - Environments: .env.local
admin:dev: 
admin:dev:  âœ“ Starting...
@affiliate/db:dev: 
@affiliate/db:dev: 9:37:53 AM - Found 0 errors. Watching for file changes.
@affiliate/shared-types:dev: 
@affiliate/shared-types:dev: 9:37:53 AM - Found 0 errors. Watching for file changes.
@affiliate/ai:dev: 
@affiliate/ai:dev: 9:37:53 AM - Found 0 errors. Watching for file changes.
@affiliate/ui:dev: 
@affiliate/ui:dev: 9:37:54 AM - Found 0 errors. Watching for file changes.
web:dev:  âš  Warning: Found multiple lockfiles. Selecting /Users/mhaniff/pnpm-lock.yaml.
web:dev:    Consider removing the lockfiles at:
web:dev:    * /Users/mhaniff/affiliate-template-72325/pnpm-lock.yaml
web:dev: 
web:dev:  âš  Port 3000 is in use by process 62853
web:dev: 98472, using available port 3001 instead.
@affiliate/cms:dev: 
@affiliate/cms:dev: 9:37:55 AM - Found 0 errors. Watching for file changes.
web:dev:    â–² Next.js 15.4.3
web:dev:    - Local:        http://localhost:3001
web:dev:    - Network:      http://192.168.1.249:3001
web:dev:    - Environments: .env.local
web:dev: 
web:dev:  âœ“ Starting...
admin:dev:  âœ“ Ready in 2.6s
admin:dev:  âš  Your project has `@next/font` installed as a dependency, please use the built-in `next/font` instead. The `@next/font` package will be removed in Next.js 14. You can migrate by running `pnpm dlx @next/codemod@latest built-in-next-font .`. Read more: https://nextjs.org/docs/messages/built-in-next-font
web:dev:  âœ“ Ready in 1201ms
admin:dev:  â—‹ Compiling / ...
admin:dev: 
admin:dev: 
admin:dev: Source path: /Users/mhaniff/affiliate-template-72325/apps/admin/src/app/globals.css
admin:dev: Setting up new context...
admin:dev: Finding changed files: 4.228ms
admin:dev: Reading changed files: 61.53ms
admin:dev: Sorting candidates: 1.293ms
admin:dev: Generate rules: 28.039ms
admin:dev: Build stylesheet: 0.861ms
admin:dev: Potential classes:  3493
admin:dev: Active contexts:  1
admin:dev: JIT TOTAL: 176.292ms
admin:dev: 
admin:dev: 
admin:dev:  âœ“ Compiled / in 1968ms (629 modules)
admin:dev:  GET / 200 in 2146ms
admin:dev: 
admin:dev: 
admin:dev: Source path: /Users/mhaniff/affiliate-template-72325/apps/admin/src/app/globals.css
admin:dev: Finding changed files: 1.369ms
admin:dev: Reading changed files: 0.065ms
admin:dev: Sorting candidates: 0.001ms
admin:dev: Generate rules: 0.052ms
admin:dev: Build stylesheet: 0.001ms
admin:dev: Potential classes:  1
admin:dev: Active contexts:  1
admin:dev: JIT TOTAL: 21.783ms
admin:dev: 
admin:dev: 
admin:dev:  âœ“ Compiled in 208ms (303 modules)
web:dev:  â—‹ Compiling / ...
web:dev: 
web:dev: 
web:dev: Source path: /Users/mhaniff/affiliate-template-72325/apps/web/src/app/globals.css
web:dev: Setting up new context...
web:dev: Finding changed files: 4.861ms
web:dev: Reading changed files: 49.373ms
web:dev: Sorting candidates: 1.155ms
web:dev: Generate rules: 31.678ms
web:dev: Build stylesheet: 1.186ms
web:dev: Potential classes:  3066
web:dev: Active contexts:  1
web:dev: JIT TOTAL: 165.916ms
web:dev: 
web:dev: 
web:dev:  âœ“ Compiled / in 1910ms (623 modules)
web:dev:  GET / 200 in 2245ms
web:dev: 
web:dev: 
web:dev: Source path: /Users/mhaniff/affiliate-template-72325/apps/web/src/app/globals.css
web:dev: Finding changed files: 1.011ms
web:dev: Reading changed files: 0.006ms
web:dev: Sorting candidates: 0.002ms
web:dev: Generate rules: 0.071ms
web:dev: Build stylesheet: 0.003ms
web:dev: Potential classes:  1
web:dev: Active contexts:  1
web:dev: JIT TOTAL: 9.434ms
web:dev: 
web:dev: 
web:dev:  âœ“ Compiled in 84ms (235 modules)
web:dev:  GET / 200 in 60ms
admin:dev:  âœ“ Compiled /auth/signin in 193ms (612 modules)
admin:dev:  GET /auth/signin 200 in 246ms
web:dev:  âœ“ Compiled /favicon.ico in 189ms (605 modules)
web:dev:  âœ“ Compiled (622 modules)
admin:dev:  GET / 200 in 38ms
admin:dev:  âœ“ Compiled /api/auth/[...nextauth] in 138ms (349 modules)
admin:dev:  âœ“ Compiled (585 modules)
admin:dev:  GET /favicon.ico 200 in 526ms
admin:dev:  GET /api/auth/session 200 in 769ms
admin:dev:  GET /api/auth/session 200 in 4ms
web:dev:  âœ“ Compiled /blog in 183ms (603 modules)
web:dev:  GET /blog 200 in 360ms
web:dev:  âœ“ Compiled /_not-found in 73ms (608 modules)
web:dev:  GET /icon-192.png 404 in 177ms
web:dev:  âœ“ Compiled / in 155ms (385 modules)
web:dev:  GET / 200 in 245ms
web:dev:  GET /icon-192.png 404 in 36ms
web:dev:  âœ“ Compiled /products in 160ms (619 modules)
web:dev:  GET /products 200 in 202ms
web:dev:  GET /blog 200 in 17ms
web:dev:  âœ“ Compiled /about in 306ms (665 modules)
web:dev:  GET /about 200 in 387ms
web:dev:  GET /placeholder-product-1.jpg 404 in 141ms
web:dev:  â¨¯ The requested resource isn't a valid image for /placeholder-product-1.jpg received text/html; charset=utf-8
web:dev:  GET /placeholder-product-1.jpg 404 in 143ms
web:dev:  â¨¯ The requested resource isn't a valid image for /placeholder-product-1.jpg received text/html; charset=utf-8
web:dev:  GET /placeholder-product-2.jpg 404 in 143ms
web:dev:  â¨¯ The requested resource isn't a valid image for /placeholder-product-2.jpg received text/html; charset=utf-8
web:dev:  GET /placeholder-product-3.jpg 404 in 143ms
web:dev:  â¨¯ The requested resource isn't a valid image for /placeholder-product-3.jpg received text/html; charset=utf-8
web:dev:  âœ“ Compiled /contact in 152ms (670 modules)
web:dev:  GET /contact 200 in 230ms
web:dev:  GET /products?category=electronics 200 in 18ms
web:dev:  GET / 200 in 26ms
web:dev:  GET /blog 200 in 22ms
web:dev:  GET / 200 in 7ms
web:dev:  GET / 200 in 94ms
web:dev:  GET /icon-192.png 404 in 36ms
admin:dev: [?25h
web:dev: [?25h
@affiliate/db:dev: [2J[3J[H5:47:30 PM - File change detected. Starting incremental compilation...
@affiliate/db:dev: 
@affiliate/db:dev: src/index.ts(1,10): error TS2305: Module '"@prisma/client"' has no exported member 'PrismaClient'.
@affiliate/db:dev: src/index.ts(4,10): error TS2305: Module '"@prisma/client"' has no exported member 'PrismaClient'.
@affiliate/db:dev: src/seed.ts(1,10): error TS2305: Module '"@prisma/client"' has no exported member 'PrismaClient'.
@affiliate/db:dev: src/utils.ts(1,10): error TS2305: Module '"@prisma/client"' has no exported member 'PrismaClient'.
@affiliate/db:dev: src/utils.ts(1,24): error TS2305: Module '"@prisma/client"' has no exported member 'Prisma'.
@affiliate/db:dev: src/utils.ts(280,45): error TS7006: Parameter 'click' implicitly has an 'any' type.
@affiliate/db:dev: src/utils.ts(281,39): error TS7006: Parameter 'click' implicitly has an 'any' type.
@affiliate/db:dev: src/utils.ts(383,45): error TS7006: Parameter 'click' implicitly has an 'any' type.
@affiliate/db:dev: src/utils.ts(384,39): error TS7006: Parameter 'click' implicitly has an 'any' type.
@affiliate/db:dev: src/utils.ts(388,41): error TS7006: Parameter 'sum' implicitly has an 'any' type.
@affiliate/db:dev: src/utils.ts(388,46): error TS7006: Parameter 'click' implicitly has an 'any' type.
@affiliate/db:dev: src/utils.ts(423,31): error TS7006: Parameter 'stat' implicitly has an 'any' type.
@affiliate/db:dev: src/utils.ts(437,28): error TS7006: Parameter 'p' implicitly has an 'any' type.
@affiliate/db:dev: 
@affiliate/db:dev: 5:47:31 PM - Found 13 errors. Watching for file changes.
@affiliate/ai:dev: [2J[3J[H6:09:51 PM - File change detected. Starting incremental compilation...
@affiliate/ai:dev: 
@affiliate/ai:dev: src/service.ts(259,33): error TS2300: Duplicate identifier 'content'.
@affiliate/ai:dev: src/service.ts(293,11): error TS2300: Duplicate identifier 'content'.
@affiliate/ai:dev: src/service.ts(362,25): error TS18048: 'usage' is possibly 'undefined'.
@affiliate/ai:dev: 
@affiliate/ai:dev: 6:09:51 PM - Found 3 errors. Watching for file changes.
@affiliate/ai:dev: [2J[3J[H6:10:06 PM - File change detected. Starting incremental compilation...
@affiliate/ai:dev: 
@affiliate/ai:dev: src/service.ts(362,25): error TS18048: 'usage' is possibly 'undefined'.
@affiliate/ai:dev: 
@affiliate/ai:dev: 6:10:06 PM - Found 1 error. Watching for file changes.
@affiliate/ai:dev: [2J[3J[H6:10:11 PM - File change detected. Starting incremental compilation...
@affiliate/ai:dev: 
@affiliate/ai:dev: 
@affiliate/ai:dev: 6:10:11 PM - Found 0 errors. Watching for file changes.
@affiliate/db:dev: [2J[3J[H6:17:03 PM - File change detected. Starting incremental compilation...
@affiliate/db:dev: 
@affiliate/db:dev: src/index.ts(1,10): error TS2305: Module '"@prisma/client"' has no exported member 'PrismaClient'.
@affiliate/db:dev: src/index.ts(4,10): error TS2305: Module '"@prisma/client"' has no exported member 'PrismaClient'.
@affiliate/db:dev: src/seed.ts(1,10): error TS2305: Module '"@prisma/client"' has no exported member 'PrismaClient'.
@affiliate/db:dev: src/utils.ts(1,10): error TS2305: Module '"@prisma/client"' has no exported member 'PrismaClient'.
@affiliate/db:dev: src/utils.ts(1,24): error TS2305: Module '"@prisma/client"' has no exported member 'Prisma'.
@affiliate/db:dev: src/utils.ts(20,14): error TS2323: Cannot redeclare exported variable 'contentService'.
@affiliate/db:dev: src/utils.ts(126,14): error TS2323: Cannot redeclare exported variable 'siteService'.
@affiliate/db:dev: src/utils.ts(191,14): error TS2323: Cannot redeclare exported variable 'affiliateLinkService'.
@affiliate/db:dev: src/utils.ts(280,45): error TS7006: Parameter 'click' implicitly has an 'any' type.
@affiliate/db:dev: src/utils.ts(281,39): error TS7006: Parameter 'click' implicitly has an 'any' type.
@affiliate/db:dev: src/utils.ts(294,14): error TS2323: Cannot redeclare exported variable 'productService'.
@affiliate/db:dev: src/utils.ts(383,45): error TS7006: Parameter 'click' implicitly has an 'any' type.
@affiliate/db:dev: src/utils.ts(384,39): error TS7006: Parameter 'click' implicitly has an 'any' type.
@affiliate/db:dev: src/utils.ts(388,41): error TS7006: Parameter 'sum' implicitly has an 'any' type.
@affiliate/db:dev: src/utils.ts(388,46): error TS7006: Parameter 'click' implicitly has an 'any' type.
@affiliate/db:dev: src/utils.ts(423,31): error TS7006: Parameter 'stat' implicitly has an 'any' type.
@affiliate/db:dev: src/utils.ts(437,28): error TS7006: Parameter 'p' implicitly has an 'any' type.
@affiliate/db:dev: src/utils.ts(450,14): error TS2323: Cannot redeclare exported variable 'newsletterService'.
@affiliate/db:dev: src/utils.ts(519,14): error TS2323: Cannot redeclare exported variable 'categoryService'.
@affiliate/db:dev: src/utils.ts(574,14): error TS2323: Cannot redeclare exported variable 'tagService'.
@affiliate/db:dev: src/utils.ts(618,14): error TS2323: Cannot redeclare exported variable 'mediaService'.
@affiliate/db:dev: src/utils.ts(676,14): error TS2323: Cannot redeclare exported variable 'merchantService'.
@affiliate/db:dev: src/utils.ts(729,14): error TS2323: Cannot redeclare exported variable 'auditService'.
@affiliate/db:dev: src/utils.ts(771,14): error TS2323: Cannot redeclare exported variable 'recipeService'.
@affiliate/db:dev: src/utils.ts(865,14): error TS2323: Cannot redeclare exported variable 'aiContentService'.
@affiliate/db:dev: src/utils.ts(925,14): error TS2323: Cannot redeclare exported variable 'notificationService'.
@affiliate/db:dev: src/utils.ts(972,14): error TS2323: Cannot redeclare exported variable 'contentTypeService'.
@affiliate/db:dev: src/utils.ts(1025,14): error TS2323: Cannot redeclare exported variable 'customNicheService'.
@affiliate/db:dev: src/utils.ts(1083,14): error TS2323: Cannot redeclare exported variable 'autoBlogPostService'.
@affiliate/db:dev: src/utils.ts(1169,14): error TS2323: Cannot redeclare exported variable 'contentScheduleService'.
@affiliate/db:dev: src/utils.ts(1251,14): error TS2323: Cannot redeclare exported variable 'productCategoryService'.
@affiliate/db:dev: src/utils.ts(1357,11): error TS7034: Variable 'rootCategories' implicitly has type 'any[]' in some locations where its type cannot be determined.
@affiliate/db:dev: src/utils.ts(1359,24): error TS7006: Parameter 'category' implicitly has an 'any' type.
@affiliate/db:dev: src/utils.ts(1363,24): error TS7006: Parameter 'category' implicitly has an 'any' type.
@affiliate/db:dev: src/utils.ts(1375,12): error TS7005: Variable 'rootCategories' implicitly has an 'any[]' type.
@affiliate/db:dev: src/utils.ts(1380,3): error TS2323: Cannot redeclare exported variable 'contentService'.
@affiliate/db:dev: src/utils.ts(1380,3): error TS2484: Export declaration conflicts with exported declaration of 'contentService'.
@affiliate/db:dev: src/utils.ts(1381,3): error TS2323: Cannot redeclare exported variable 'siteService'.
@affiliate/db:dev: src/utils.ts(1381,3): error TS2484: Export declaration conflicts with exported declaration of 'siteService'.
@affiliate/db:dev: src/utils.ts(1382,3): error TS2323: Cannot redeclare exported variable 'affiliateLinkService'.
@affiliate/db:dev: src/utils.ts(1382,3): error TS2484: Export declaration conflicts with exported declaration of 'affiliateLinkService'.
@affiliate/db:dev: src/utils.ts(1383,3): error TS2323: Cannot redeclare exported variable 'productService'.
@affiliate/db:dev: src/utils.ts(1383,3): error TS2484: Export declaration conflicts with exported declaration of 'productService'.
@affiliate/db:dev: src/utils.ts(1384,3): error TS2323: Cannot redeclare exported variable 'categoryService'.
@affiliate/db:dev: src/utils.ts(1384,3): error TS2484: Export declaration conflicts with exported declaration of 'categoryService'.
@affiliate/db:dev: src/utils.ts(1385,3): error TS2323: Cannot redeclare exported variable 'tagService'.
@affiliate/db:dev: src/utils.ts(1385,3): error TS2484: Export declaration conflicts with exported declaration of 'tagService'.
@affiliate/db:dev: src/utils.ts(1386,3): error TS2323: Cannot redeclare exported variable 'mediaService'.
@affiliate/db:dev: src/utils.ts(1386,3): error TS2484: Export declaration conflicts with exported declaration of 'mediaService'.
@affiliate/db:dev: src/utils.ts(1387,3): error TS2323: Cannot redeclare exported variable 'merchantService'.
@affiliate/db:dev: src/utils.ts(1387,3): error TS2484: Export declaration conflicts with exported declaration of 'merchantService'.
@affiliate/db:dev: src/utils.ts(1388,3): error TS2323: Cannot redeclare exported variable 'auditService'.
@affiliate/db:dev: src/utils.ts(1388,3): error TS2484: Export declaration conflicts with exported declaration of 'auditService'.
@affiliate/db:dev: src/utils.ts(1389,3): error TS2323: Cannot redeclare exported variable 'newsletterService'.
@affiliate/db:dev: src/utils.ts(1389,3): error TS2484: Export declaration conflicts with exported declaration of 'newsletterService'.
@affiliate/db:dev: src/utils.ts(1390,3): error TS2323: Cannot redeclare exported variable 'recipeService'.
@affiliate/db:dev: src/utils.ts(1390,3): error TS2484: Export declaration conflicts with exported declaration of 'recipeService'.
@affiliate/db:dev: src/utils.ts(1391,3): error TS2323: Cannot redeclare exported variable 'aiContentService'.
@affiliate/db:dev: src/utils.ts(1391,3): error TS2484: Export declaration conflicts with exported declaration of 'aiContentService'.
@affiliate/db:dev: src/utils.ts(1392,3): error TS2323: Cannot redeclare exported variable 'notificationService'.
@affiliate/db:dev: src/utils.ts(1392,3): error TS2484: Export declaration conflicts with exported declaration of 'notificationService'.
@affiliate/db:dev: src/utils.ts(1393,3): error TS2323: Cannot redeclare exported variable 'contentTypeService'.
@affiliate/db:dev: src/utils.ts(1393,3): error TS2484: Export declaration conflicts with exported declaration of 'contentTypeService'.
@affiliate/db:dev: src/utils.ts(1394,3): error TS2323: Cannot redeclare exported variable 'customNicheService'.
@affiliate/db:dev: src/utils.ts(1394,3): error TS2484: Export declaration conflicts with exported declaration of 'customNicheService'.
@affiliate/db:dev: src/utils.ts(1395,3): error TS2323: Cannot redeclare exported variable 'autoBlogPostService'.
@affiliate/db:dev: src/utils.ts(1395,3): error TS2484: Export declaration conflicts with exported declaration of 'autoBlogPostService'.
@affiliate/db:dev: src/utils.ts(1396,3): error TS2323: Cannot redeclare exported variable 'contentScheduleService'.
@affiliate/db:dev: src/utils.ts(1396,3): error TS2484: Export declaration conflicts with exported declaration of 'contentScheduleService'.
@affiliate/db:dev: src/utils.ts(1397,3): error TS2323: Cannot redeclare exported variable 'productCategoryService'.
@affiliate/db:dev: src/utils.ts(1397,3): error TS2484: Export declaration conflicts with exported declaration of 'productCategoryService'.
@affiliate/db:dev: 
@affiliate/db:dev: 6:17:03 PM - Found 71 errors. Watching for file changes.
@affiliate/db:dev: [2J[3J[H6:18:17 PM - File change detected. Starting incremental compilation...
@affiliate/db:dev: 
@affiliate/db:dev: src/index.ts(1,10): error TS2305: Module '"@prisma/client"' has no exported member 'PrismaClient'.
@affiliate/db:dev: src/index.ts(4,10): error TS2305: Module '"@prisma/client"' has no exported member 'PrismaClient'.
@affiliate/db:dev: src/seed.ts(1,10): error TS2305: Module '"@prisma/client"' has no exported member 'PrismaClient'.
@affiliate/db:dev: src/utils.ts(1,10): error TS2305: Module '"@prisma/client"' has no exported member 'PrismaClient'.
@affiliate/db:dev: src/utils.ts(1,24): error TS2305: Module '"@prisma/client"' has no exported member 'Prisma'.
@affiliate/db:dev: src/utils.ts(280,45): error TS7006: Parameter 'click' implicitly has an 'any' type.
@affiliate/db:dev: src/utils.ts(281,39): error TS7006: Parameter 'click' implicitly has an 'any' type.
@affiliate/db:dev: src/utils.ts(383,45): error TS7006: Parameter 'click' implicitly has an 'any' type.
@affiliate/db:dev: src/utils.ts(384,39): error TS7006: Parameter 'click' implicitly has an 'any' type.
@affiliate/db:dev: src/utils.ts(388,41): error TS7006: Parameter 'sum' implicitly has an 'any' type.
@affiliate/db:dev: src/utils.ts(388,46): error TS7006: Parameter 'click' implicitly has an 'any' type.
@affiliate/db:dev: src/utils.ts(423,31): error TS7006: Parameter 'stat' implicitly has an 'any' type.
@affiliate/db:dev: src/utils.ts(437,28): error TS7006: Parameter 'p' implicitly has an 'any' type.
@affiliate/db:dev: src/utils.ts(1359,24): error TS7006: Parameter 'category' implicitly has an 'any' type.
@affiliate/db:dev: src/utils.ts(1363,24): error TS7006: Parameter 'category' implicitly has an 'any' type.
@affiliate/db:dev: 
@affiliate/db:dev: 6:18:18 PM - Found 15 errors. Watching for file changes.
