
> affiliate-template-72325@1.0.0 dev
> turbo run dev

turbo 2.5.5

â€¢ Packages in scope: @affiliate/ai, @affiliate/cms, @affiliate/db, @affiliate/eslint-config-custom, @affiliate/shared-types, @affiliate/ui, admin, web
â€¢ Running dev in 8 packages
â€¢ Remote caching disabled
admin:dev: cache bypass, force executing 5b3a5ee70410afef
web:dev: cache bypass, force executing 272641daf4d5d741
@affiliate/ui:dev: cache bypass, force executing 007f3607c1fe5d74
@affiliate/ai:dev: cache bypass, force executing d164fad3cf46a0d2
@affiliate/cms:dev: cache bypass, force executing 5d6d7141ef36c22b
@affiliate/shared-types:dev: cache bypass, force executing a0277250ebbd2e7d
@affiliate/db:dev: cache bypass, force executing f00414ea4759c172
@affiliate/cms:dev: 
@affiliate/cms:dev: > @affiliate/cms@0.0.0 dev /Users/mhaniff/affiliate-template-72325/packages/cms
@affiliate/cms:dev: > tsc --watch
@affiliate/cms:dev: 
@affiliate/ai:dev: 
@affiliate/ai:dev: > @affiliate/ai@0.0.0 dev /Users/mhaniff/affiliate-template-72325/packages/ai
@affiliate/ai:dev: > tsc --watch
@affiliate/ai:dev: 
@affiliate/db:dev: 
@affiliate/db:dev: > @affiliate/db@1.0.0 dev /Users/mhaniff/affiliate-template-72325/packages/db
@affiliate/db:dev: > tsc --watch
@affiliate/db:dev: 
@affiliate/shared-types:dev: 
@affiliate/shared-types:dev: > @affiliate/shared-types@1.0.0 dev /Users/mhaniff/affiliate-template-72325/packages/shared-types
@affiliate/shared-types:dev: > tsc --watch
@affiliate/shared-types:dev: 
@affiliate/ui:dev: 
@affiliate/ui:dev: > @affiliate/ui@1.0.0 dev /Users/mhaniff/affiliate-template-72325/packages/ui
@affiliate/ui:dev: > tsc --watch
@affiliate/ui:dev: 
web:dev: 
web:dev: > web@0.1.0 dev /Users/mhaniff/affiliate-template-72325/apps/web
web:dev: > next dev
web:dev: 
admin:dev: 
admin:dev: > admin@0.1.0 dev /Users/mhaniff/affiliate-template-72325/apps/admin
admin:dev: > next dev
admin:dev: 
@affiliate/ai:dev: [2J[3J[H10:12:50 AM - Starting compilation in watch mode...
@affiliate/ai:dev: 
@affiliate/shared-types:dev: [2J[3J[H10:12:50 AM - Starting compilation in watch mode...
@affiliate/shared-types:dev: 
@affiliate/cms:dev: [2J[3J[H10:12:50 AM - Starting compilation in watch mode...
@affiliate/cms:dev: 
@affiliate/db:dev: [2J[3J[H10:12:50 AM - Starting compilation in watch mode...
@affiliate/db:dev: 
@affiliate/ui:dev: [2J[3J[H10:12:50 AM - Starting compilation in watch mode...
@affiliate/ui:dev: 
admin:dev:   â–² Next.js 14.2.30
admin:dev:   - Local:        http://localhost:3000
admin:dev:   - Environments: .env.local
admin:dev: 
admin:dev:  âœ“ Starting...
web:dev:  âš  Warning: Found multiple lockfiles. Selecting /Users/mhaniff/pnpm-lock.yaml.
web:dev:    Consider removing the lockfiles at:
web:dev:    * /Users/mhaniff/affiliate-template-72325/pnpm-lock.yaml
web:dev: 
@affiliate/shared-types:dev: 
@affiliate/shared-types:dev: 10:12:51 AM - Found 0 errors. Watching for file changes.
@affiliate/db:dev: 
@affiliate/db:dev: 10:12:51 AM - Found 0 errors. Watching for file changes.
@affiliate/ui:dev: 
@affiliate/ui:dev: 10:12:51 AM - Found 0 errors. Watching for file changes.
@affiliate/ai:dev: 
@affiliate/ai:dev: 10:12:51 AM - Found 0 errors. Watching for file changes.
web:dev:  âš  Port 3000 is in use by process 51065, using available port 3001 instead.
web:dev:    â–² Next.js 15.4.3
web:dev:    - Local:        http://localhost:3001
web:dev:    - Network:      http://192.168.1.249:3001
web:dev:    - Environments: .env.local
web:dev: 
web:dev:  âœ“ Starting...
@affiliate/cms:dev: 
@affiliate/cms:dev: 10:12:51 AM - Found 0 errors. Watching for file changes.
admin:dev:  âœ“ Ready in 1352ms
admin:dev:  âš  Your project has `@next/font` installed as a dependency, please use the built-in `next/font` instead. The `@next/font` package will be removed in Next.js 14. You can migrate by running `pnpm dlx @next/codemod@latest built-in-next-font .`. Read more: https://nextjs.org/docs/messages/built-in-next-font
web:dev:  âœ“ Ready in 1363ms
admin:dev:  â—‹ Compiling /sites ...
admin:dev: 
admin:dev: 
admin:dev: Source path: /Users/mhaniff/affiliate-template-72325/apps/admin/src/app/globals.css
admin:dev: Setting up new context...
admin:dev: Finding changed files: 4.736ms
admin:dev: Reading changed files: 56.849ms
admin:dev: Sorting candidates: 1.355ms
admin:dev: Generate rules: 31.34ms
admin:dev: Build stylesheet: 1.448ms
admin:dev: Potential classes:  3538
admin:dev: Active contexts:  1
admin:dev: JIT TOTAL: 184.348ms
admin:dev: 
admin:dev: 
admin:dev:  âœ“ Compiled /sites in 1832ms (629 modules)
admin:dev:  HEAD /sites 200 in 1968ms
admin:dev: 
admin:dev: 
admin:dev: Source path: /Users/mhaniff/affiliate-template-72325/apps/admin/src/app/globals.css
admin:dev: Finding changed files: 4.567ms
admin:dev: Reading changed files: 0.066ms
admin:dev: Sorting candidates: 0.004ms
admin:dev: Generate rules: 0.085ms
admin:dev: Build stylesheet: 0.001ms
admin:dev: Potential classes:  1
admin:dev: Active contexts:  1
admin:dev: JIT TOTAL: 33.501ms
admin:dev: 
admin:dev: 
admin:dev:  âœ“ Compiled in 251ms (304 modules)
admin:dev:  GET /sites 200 in 22ms
admin:dev:  âœ“ Compiled /favicon.ico in 397ms (554 modules)
admin:dev:  âœ“ Compiled (584 modules)
admin:dev:  GET /favicon.ico 200 in 606ms
admin:dev:  GET /api/auth/session 200 in 876ms
admin:dev:  GET /api/auth/session 200 in 5ms
web:dev: 
web:dev: 
web:dev: Source path: /Users/mhaniff/affiliate-template-72325/apps/web/src/app/globals.css
web:dev: Setting up new context...
web:dev: Finding changed files: 4.13ms
web:dev:  â—‹ Compiling /blog ...
web:dev: Reading changed files: 25.352ms
web:dev: Sorting candidates: 1.132ms
web:dev: Generate rules: 30.159ms
web:dev: Build stylesheet: 0.944ms
web:dev: Potential classes:  3066
web:dev: Active contexts:  1
web:dev: JIT TOTAL: 136.141ms
web:dev: 
web:dev: 
web:dev:  âœ“ Compiled /blog in 1012ms (616 modules)
web:dev: 
web:dev: 
web:dev: Source path: /Users/mhaniff/affiliate-template-72325/apps/web/src/app/globals.css
web:dev: Finding changed files: 1.341ms
web:dev: Reading changed files: 0.003ms
web:dev: Sorting candidates: 0.002ms
web:dev: Generate rules: 0.062ms
web:dev: Build stylesheet: 0.001ms
web:dev: Potential classes:  1
web:dev: Active contexts:  1
web:dev: JIT TOTAL: 10.26ms
web:dev: 
web:dev: 
web:dev:  âœ“ Compiled in 194ms (236 modules)
web:dev:  GET /blog 200 in 1534ms
web:dev:  âœ“ Compiled /_not-found in 132ms (607 modules)
web:dev:  GET /icon-192.png 404 in 249ms
web:dev:  GET /blog 200 in 63ms
web:dev:  GET /icon-192.png 404 in 26ms
web:dev:  GET /blog/best-gaming-headsets 404 in 12ms
web:dev:  GET /blog/best-gaming-headsets 404 in 29ms
web:dev:  GET /icon-192.png 404 in 22ms
web:dev:  GET /blog 200 in 58ms
web:dev:  GET /icon-192.png 404 in 29ms
admin:dev:  GET /sites 200 in 66ms
admin:dev:  GET /api/auth/session 200 in 10ms
admin:dev:  GET /favicon.ico 200 in 13ms
admin:dev:  GET /api/auth/session 200 in 7ms
admin:dev:  GET /sites 200 in 17ms
admin:dev:  GET /api/auth/session 200 in 6ms
admin:dev:  GET /api/auth/session 200 in 4ms
web:dev:  âœ“ Compiled /about in 217ms (653 modules)
web:dev:  GET /about 200 in 363ms
web:dev:  GET /placeholder-product-1.jpg 404 in 168ms
web:dev:  â¨¯ The requested resource isn't a valid image for /placeholder-product-1.jpg received text/html; charset=utf-8
web:dev:  GET /placeholder-product-1.jpg 404 in 168ms
web:dev:  â¨¯ The requested resource isn't a valid image for /placeholder-product-1.jpg received text/html; charset=utf-8
web:dev:  GET /placeholder-product-2.jpg 404 in 169ms
web:dev:  â¨¯ The requested resource isn't a valid image for /placeholder-product-2.jpg received text/html; charset=utf-8
web:dev:  GET /placeholder-product-3.jpg 404 in 169ms
web:dev:  â¨¯ The requested resource isn't a valid image for /placeholder-product-3.jpg received text/html; charset=utf-8
admin:dev: 
admin:dev: 
admin:dev: Source path: /Users/mhaniff/affiliate-template-72325/apps/admin/src/app/globals.css
admin:dev: Finding changed files: 6.249ms
admin:dev: Reading changed files: 4.874ms
admin:dev: Sorting candidates: 0.093ms
admin:dev: Generate rules: 1.395ms
admin:dev: Build stylesheet: 0.523ms
admin:dev: Potential classes:  278
admin:dev: Active contexts:  1
admin:dev: JIT TOTAL: 42.304ms
admin:dev: 
admin:dev: 
admin:dev:  âœ“ Compiled in 271ms (888 modules)
web:dev:  âœ“ Compiled /contact in 116ms (658 modules)
web:dev:  GET /contact 200 in 191ms
admin:dev: 
admin:dev: 
admin:dev: Source path: /Users/mhaniff/affiliate-template-72325/apps/admin/src/app/globals.css
admin:dev: Finding changed files: 1.494ms
admin:dev: Reading changed files: 2.633ms
admin:dev: Sorting candidates: 0.016ms
admin:dev: Generate rules: 0.138ms
admin:dev: Build stylesheet: 0.381ms
admin:dev: Potential classes:  62
admin:dev: Active contexts:  1
admin:dev: JIT TOTAL: 23.294ms
admin:dev: 
admin:dev: 
admin:dev:  âœ“ Compiled in 124ms (888 modules)
web:dev:  âœ“ Compiled /products in 146ms (665 modules)
web:dev:  GET /products?category=toys 200 in 194ms
web:dev:  GET /products?category=books 200 in 7ms
web:dev:  GET /products?category=fashion 200 in 13ms
web:dev:  GET /products?category=home 200 in 14ms
web:dev:  GET /products?category=electronics 200 in 6ms
web:dev:  GET /products?category=fashion 200 in 8ms
admin:dev:  GET /sites 200 in 56ms
admin:dev:  GET /api/auth/session 200 in 29ms
admin:dev:  GET /favicon.ico 200 in 10ms
admin:dev:  GET /api/auth/session 200 in 10ms
web:dev:  GET /products?category=sports 200 in 5ms
admin:dev:  GET /sites 200 in 13ms
web:dev:  GET /products?category=electronics 200 in 6ms
admin:dev:  GET /api/auth/session 200 in 5ms
admin:dev:  GET /api/auth/session 200 in 3ms
web:dev:  GET /contact 200 in 23ms
web:dev:  GET /about 200 in 20ms
web:dev:  GET /placeholder-product-1.jpg 404 in 151ms
web:dev:  â¨¯ The requested resource isn't a valid image for /placeholder-product-1.jpg received text/html; charset=utf-8
web:dev:  GET /placeholder-product-1.jpg 404 in 152ms
web:dev:  â¨¯ The requested resource isn't a valid image for /placeholder-product-1.jpg received text/html; charset=utf-8
web:dev:  GET /placeholder-product-2.jpg 404 in 153ms
web:dev:  â¨¯ The requested resource isn't a valid image for /placeholder-product-2.jpg received text/html; charset=utf-8
web:dev:  GET /placeholder-product-3.jpg 404 in 153ms
web:dev:  â¨¯ The requested resource isn't a valid image for /placeholder-product-3.jpg received text/html; charset=utf-8
web:dev:  GET /blog 200 in 20ms
web:dev:  GET /products 200 in 13ms
web:dev:  âœ“ Compiled / in 291ms (670 modules)
web:dev:  GET / 200 in 370ms
admin:dev: 
admin:dev: 
admin:dev: Source path: /Users/mhaniff/affiliate-template-72325/apps/admin/src/app/globals.css
admin:dev: Setting up new context...
admin:dev: Finding changed files: 2.543ms
admin:dev: Reading changed files: 35.028ms
admin:dev: Sorting candidates: 1.487ms
admin:dev: Generate rules: 25.22ms
admin:dev: Build stylesheet: 0.513ms
admin:dev: Potential classes:  3540
admin:dev: Active contexts:  1
admin:dev: JIT TOTAL: 123.722ms
admin:dev: 
admin:dev: 
admin:dev:  âœ“ Compiled in 236ms (888 modules)
admin:dev:  GET /sites 200 in 36ms
admin:dev:  GET /api/auth/session 200 in 19ms
admin:dev:  GET /favicon.ico 200 in 9ms
admin:dev:  GET /api/auth/session 200 in 10ms
admin:dev:  GET /sites 200 in 16ms
admin:dev:  GET /api/auth/session 200 in 4ms
admin:dev:  GET /api/auth/session 200 in 3ms
admin:dev:  GET /sites 200 in 14ms
admin:dev:  GET /api/auth/session 200 in 4ms
admin:dev:  GET /api/auth/session 200 in 3ms
admin:dev:  GET /favicon.ico 200 in 4ms
admin:dev: 
admin:dev: 
admin:dev: Source path: /Users/mhaniff/affiliate-template-72325/apps/admin/src/app/globals.css
admin:dev: Finding changed files: 2.132ms
admin:dev: Reading changed files: 3.196ms
admin:dev: Sorting candidates: 0.066ms
admin:dev: Generate rules: 1.151ms
admin:dev: Build stylesheet: 0.401ms
admin:dev: Potential classes:  278
admin:dev: Active contexts:  1
admin:dev: JIT TOTAL: 26.535ms
admin:dev: 
admin:dev: 
admin:dev:  âœ“ Compiled in 156ms (888 modules)
admin:dev: 
admin:dev: 
admin:dev: Source path: /Users/mhaniff/affiliate-template-72325/apps/admin/src/app/globals.css
admin:dev: Finding changed files: 2.097ms
admin:dev: Reading changed files: 4.571ms
admin:dev: Sorting candidates: 0.076ms
admin:dev: Generate rules: 0.864ms
admin:dev: Build stylesheet: 0.411ms
admin:dev: Potential classes:  279
admin:dev: Active contexts:  1
admin:dev: JIT TOTAL: 28.836ms
admin:dev: 
admin:dev: 
admin:dev:  âœ“ Compiled in 160ms (888 modules)
admin:dev: 
admin:dev: 
admin:dev: Source path: /Users/mhaniff/affiliate-template-72325/apps/admin/src/app/globals.css
admin:dev: Finding changed files: 1.531ms
admin:dev: Reading changed files: 3.05ms
admin:dev: Sorting candidates: 0.114ms
admin:dev: Generate rules: 0.63ms
admin:dev: Build stylesheet: 0.001ms
admin:dev: Potential classes:  278
admin:dev: Active contexts:  1
admin:dev: JIT TOTAL: 25.838ms
admin:dev: 
admin:dev: 
admin:dev:  âœ“ Compiled in 133ms (888 modules)
admin:dev: 
admin:dev: 
admin:dev: Source path: /Users/mhaniff/affiliate-template-72325/apps/admin/src/app/globals.css
admin:dev: Finding changed files: 1.71ms
admin:dev: Reading changed files: 12.79ms
admin:dev: Sorting candidates: 0.234ms
admin:dev: Generate rules: 2.316ms
admin:dev: Build stylesheet: 0.476ms
admin:dev: Potential classes:  540
admin:dev: Active contexts:  1
admin:dev: JIT TOTAL: 45.833ms
admin:dev: 
admin:dev: 
admin:dev:  âœ“ Compiled in 288ms (888 modules)
admin:dev:  GET /sites 200 in 61ms
admin:dev:  GET /api/auth/session 200 in 27ms
admin:dev:  GET /favicon.ico 200 in 10ms
admin:dev:  GET /api/auth/session 200 in 9ms
admin:dev:  GET /sites 200 in 14ms
admin:dev:  GET /api/auth/session 200 in 4ms
admin:dev:  GET /api/auth/session 200 in 4ms
web:dev:  GET / 200 in 122ms
web:dev:  GET /icon.svg 404 in 32ms
web:dev:  GET /icon-192.png 404 in 61ms
web:dev:  âœ“ Compiled /favicon.ico in 210ms (437 modules)
web:dev:  GET /favicon.ico 200 in 311ms
web:dev:  âœ“ Compiled /products in 96ms (442 modules)
web:dev:  GET /products 200 in 263ms
web:dev:  GET /icon-192.png 404 in 32ms
web:dev:  GET /blog 200 in 53ms
web:dev:  GET /icon-192.png 404 in 20ms
web:dev:  GET /about 200 in 54ms
web:dev:  GET /placeholder-product-1.jpg 404 in 75ms
web:dev:  â¨¯ The requested resource isn't a valid image for /placeholder-product-1.jpg received text/html; charset=utf-8
web:dev:  GET /placeholder-product-1.jpg 404 in 76ms
web:dev:  â¨¯ The requested resource isn't a valid image for /placeholder-product-1.jpg received text/html; charset=utf-8
web:dev:  GET /placeholder-product-2.jpg 404 in 77ms
web:dev:  â¨¯ The requested resource isn't a valid image for /placeholder-product-2.jpg received text/html; charset=utf-8
web:dev:  GET /placeholder-product-3.jpg 404 in 77ms
web:dev:  â¨¯ The requested resource isn't a valid image for /placeholder-product-3.jpg received text/html; charset=utf-8
web:dev:  GET /icon-192.png 404 in 22ms
web:dev:  GET /contact 200 in 54ms
web:dev:  GET /icon-192.png 404 in 26ms
web:dev:  âœ“ Compiled /privacy in 290ms (689 modules)
web:dev:  âš  Fast Refresh had to perform a full reload due to a runtime error.
web:dev:  GET /privacy 200 in 480ms
web:dev:  GET /blog 200 in 59ms
web:dev:  GET /icon-192.png 404 in 30ms
web:dev:  GET /icon-192.png 404 in 25ms
web:dev:  âœ“ Compiled /terms in 171ms (691 modules)
web:dev:  GET /terms 200 in 290ms
web:dev:  GET /icon-192.png 404 in 31ms
web:dev:  âœ“ Compiled /disclosure in 169ms (693 modules)
web:dev:  GET /disclosure 200 in 293ms
web:dev:  GET /icon-192.png 404 in 31ms
web:dev:  GET / 200 in 54ms
web:dev:  GET /icon-192.png 404 in 25ms
web:dev:  GET /products 200 in 54ms
web:dev:  GET /icon-192.png 404 in 23ms
web:dev:  GET /blog 200 in 41ms
web:dev:  GET /icon-192.png 404 in 22ms
web:dev:  GET /about 200 in 48ms
web:dev:  GET /placeholder-product-1.jpg 404 in 71ms
web:dev:  â¨¯ The requested resource isn't a valid image for /placeholder-product-1.jpg received text/html; charset=utf-8
web:dev:  GET /placeholder-product-1.jpg 404 in 71ms
web:dev:  â¨¯ The requested resource isn't a valid image for /placeholder-product-1.jpg received text/html; charset=utf-8
web:dev:  GET /placeholder-product-2.jpg 404 in 71ms
web:dev:  â¨¯ The requested resource isn't a valid image for /placeholder-product-2.jpg received text/html; charset=utf-8
web:dev:  GET /placeholder-product-3.jpg 404 in 72ms
web:dev:  â¨¯ The requested resource isn't a valid image for /placeholder-product-3.jpg received text/html; charset=utf-8
web:dev:  GET /icon-192.png 404 in 21ms
web:dev:  GET /contact 200 in 49ms
web:dev:  GET /icon-192.png 404 in 26ms
web:dev:  GET /privacy 200 in 47ms
web:dev:  GET /icon-192.png 404 in 26ms
web:dev:  GET /terms 200 in 46ms
web:dev:  GET /icon-192.png 404 in 25ms
web:dev:  GET /disclosure 200 in 39ms
web:dev:  GET /icon-192.png 404 in 26ms
web:dev:  GET / 200 in 45ms
web:dev:  GET /icon-192.png 404 in 23ms
web:dev:  GET /products 200 in 40ms
web:dev:  GET /icon-192.png 404 in 22ms
web:dev:  GET /blog 200 in 38ms
web:dev:  GET /icon-192.png 404 in 20ms
web:dev:  GET /about 200 in 45ms
web:dev:  GET /placeholder-product-1.jpg 404 in 87ms
web:dev:  â¨¯ The requested resource isn't a valid image for /placeholder-product-1.jpg received text/html; charset=utf-8
web:dev:  GET /placeholder-product-1.jpg 404 in 87ms
web:dev:  â¨¯ The requested resource isn't a valid image for /placeholder-product-1.jpg received text/html; charset=utf-8
web:dev:  GET /placeholder-product-2.jpg 404 in 88ms
web:dev:  â¨¯ The requested resource isn't a valid image for /placeholder-product-2.jpg received text/html; charset=utf-8
web:dev:  GET /placeholder-product-3.jpg 404 in 88ms
web:dev:  â¨¯ The requested resource isn't a valid image for /placeholder-product-3.jpg received text/html; charset=utf-8
web:dev:  GET /icon-192.png 404 in 24ms
web:dev:  GET /contact 200 in 38ms
web:dev:  GET /icon-192.png 404 in 24ms
web:dev:  GET /privacy 200 in 39ms
web:dev:  GET /icon-192.png 404 in 25ms
web:dev:  GET /terms 200 in 36ms
web:dev:  GET /icon-192.png 404 in 25ms
web:dev:  GET /disclosure 200 in 37ms
web:dev:  GET /icon-192.png 404 in 20ms
web:dev:  GET / 200 in 39ms
web:dev:  GET /icon-192.png 404 in 22ms
web:dev:  GET /products 200 in 42ms
web:dev:  GET /icon-192.png 404 in 19ms
web:dev:  GET /blog 200 in 38ms
web:dev:  GET /icon-192.png 404 in 22ms
web:dev:  GET /about 200 in 35ms
web:dev:  GET /placeholder-product-1.jpg 404 in 20ms
web:dev:  â¨¯ The requested resource isn't a valid image for /placeholder-product-1.jpg received text/html; charset=utf-8
web:dev:  GET /icon-192.png 404 in 21ms
web:dev:  GET /contact 200 in 35ms
web:dev:  GET /icon-192.png 404 in 20ms
web:dev:  GET /privacy 200 in 35ms
web:dev:  GET /icon-192.png 404 in 23ms
web:dev:  GET /terms 200 in 33ms
web:dev:  GET /icon-192.png 404 in 21ms
web:dev:  GET /disclosure 200 in 36ms
web:dev:  GET /icon-192.png 404 in 23ms
web:dev: 
web:dev: 
web:dev: Source path: /Users/mhaniff/affiliate-template-72325/apps/web/src/app/globals.css
web:dev: Finding changed files: 2.717ms
web:dev: Reading changed files: 6.256ms
web:dev: Sorting candidates: 0.232ms
web:dev: Generate rules: 10.457ms
web:dev: Build stylesheet: 1.522ms
web:dev: Potential classes:  583
web:dev: Active contexts:  1
web:dev: JIT TOTAL: 32.589ms
web:dev: 
web:dev: 
web:dev:  âœ“ Compiled in 349ms (660 modules)
admin:dev:  âœ“ Compiled / in 260ms (612 modules)
admin:dev:  GET / 200 in 337ms
admin:dev:  GET / 200 in 36ms
admin:dev:  âœ“ Compiled /api/auth/[...nextauth] in 131ms (559 modules)
admin:dev:  GET /api/auth/session 200 in 177ms
admin:dev:  GET /api/auth/session 200 in 4ms
admin:dev: [?25h
web:dev: [?25h
@affiliate/db:dev: [2J[3J[H5:47:30 PM - File change detected. Starting incremental compilation...
@affiliate/db:dev: 
@affiliate/db:dev: src/index.ts(1,10): error TS2305: Module '"@prisma/client"' has no exported member 'PrismaClient'.
@affiliate/db:dev: src/index.ts(4,10): error TS2305: Module '"@prisma/client"' has no exported member 'PrismaClient'.
@affiliate/db:dev: src/seed.ts(1,10): error TS2305: Module '"@prisma/client"' has no exported member 'PrismaClient'.
@affiliate/db:dev: src/utils.ts(1,10): error TS2305: Module '"@prisma/client"' has no exported member 'PrismaClient'.
@affiliate/db:dev: src/utils.ts(1,24): error TS2305: Module '"@prisma/client"' has no exported member 'Prisma'.
@affiliate/db:dev: src/utils.ts(280,45): error TS7006: Parameter 'click' implicitly has an 'any' type.
@affiliate/db:dev: src/utils.ts(281,39): error TS7006: Parameter 'click' implicitly has an 'any' type.
@affiliate/db:dev: src/utils.ts(383,45): error TS7006: Parameter 'click' implicitly has an 'any' type.
@affiliate/db:dev: src/utils.ts(384,39): error TS7006: Parameter 'click' implicitly has an 'any' type.
@affiliate/db:dev: src/utils.ts(388,41): error TS7006: Parameter 'sum' implicitly has an 'any' type.
@affiliate/db:dev: src/utils.ts(388,46): error TS7006: Parameter 'click' implicitly has an 'any' type.
@affiliate/db:dev: src/utils.ts(423,31): error TS7006: Parameter 'stat' implicitly has an 'any' type.
@affiliate/db:dev: src/utils.ts(437,28): error TS7006: Parameter 'p' implicitly has an 'any' type.
@affiliate/db:dev: 
@affiliate/db:dev: 5:47:31 PM - Found 13 errors. Watching for file changes.
@affiliate/ai:dev: [2J[3J[H6:09:51 PM - File change detected. Starting incremental compilation...
@affiliate/ai:dev: 
@affiliate/ai:dev: src/service.ts(259,33): error TS2300: Duplicate identifier 'content'.
@affiliate/ai:dev: src/service.ts(293,11): error TS2300: Duplicate identifier 'content'.
@affiliate/ai:dev: src/service.ts(362,25): error TS18048: 'usage' is possibly 'undefined'.
@affiliate/ai:dev: 
@affiliate/ai:dev: 6:09:51 PM - Found 3 errors. Watching for file changes.
@affiliate/ai:dev: [2J[3J[H6:10:06 PM - File change detected. Starting incremental compilation...
@affiliate/ai:dev: 
@affiliate/ai:dev: src/service.ts(362,25): error TS18048: 'usage' is possibly 'undefined'.
@affiliate/ai:dev: 
@affiliate/ai:dev: 6:10:06 PM - Found 1 error. Watching for file changes.
@affiliate/ai:dev: [2J[3J[H6:10:11 PM - File change detected. Starting incremental compilation...
@affiliate/ai:dev: 
@affiliate/ai:dev: 
@affiliate/ai:dev: 6:10:11 PM - Found 0 errors. Watching for file changes.
@affiliate/db:dev: [2J[3J[H6:17:03 PM - File change detected. Starting incremental compilation...
@affiliate/db:dev: 
@affiliate/db:dev: src/index.ts(1,10): error TS2305: Module '"@prisma/client"' has no exported member 'PrismaClient'.
@affiliate/db:dev: src/index.ts(4,10): error TS2305: Module '"@prisma/client"' has no exported member 'PrismaClient'.
@affiliate/db:dev: src/seed.ts(1,10): error TS2305: Module '"@prisma/client"' has no exported member 'PrismaClient'.
@affiliate/db:dev: src/utils.ts(1,10): error TS2305: Module '"@prisma/client"' has no exported member 'PrismaClient'.
@affiliate/db:dev: src/utils.ts(1,24): error TS2305: Module '"@prisma/client"' has no exported member 'Prisma'.
@affiliate/db:dev: src/utils.ts(20,14): error TS2323: Cannot redeclare exported variable 'contentService'.
@affiliate/db:dev: src/utils.ts(126,14): error TS2323: Cannot redeclare exported variable 'siteService'.
@affiliate/db:dev: src/utils.ts(191,14): error TS2323: Cannot redeclare exported variable 'affiliateLinkService'.
@affiliate/db:dev: src/utils.ts(280,45): error TS7006: Parameter 'click' implicitly has an 'any' type.
@affiliate/db:dev: src/utils.ts(281,39): error TS7006: Parameter 'click' implicitly has an 'any' type.
@affiliate/db:dev: src/utils.ts(294,14): error TS2323: Cannot redeclare exported variable 'productService'.
@affiliate/db:dev: src/utils.ts(383,45): error TS7006: Parameter 'click' implicitly has an 'any' type.
@affiliate/db:dev: src/utils.ts(384,39): error TS7006: Parameter 'click' implicitly has an 'any' type.
@affiliate/db:dev: src/utils.ts(388,41): error TS7006: Parameter 'sum' implicitly has an 'any' type.
@affiliate/db:dev: src/utils.ts(388,46): error TS7006: Parameter 'click' implicitly has an 'any' type.
@affiliate/db:dev: src/utils.ts(423,31): error TS7006: Parameter 'stat' implicitly has an 'any' type.
@affiliate/db:dev: src/utils.ts(437,28): error TS7006: Parameter 'p' implicitly has an 'any' type.
@affiliate/db:dev: src/utils.ts(450,14): error TS2323: Cannot redeclare exported variable 'newsletterService'.
@affiliate/db:dev: src/utils.ts(519,14): error TS2323: Cannot redeclare exported variable 'categoryService'.
@affiliate/db:dev: src/utils.ts(574,14): error TS2323: Cannot redeclare exported variable 'tagService'.
@affiliate/db:dev: src/utils.ts(618,14): error TS2323: Cannot redeclare exported variable 'mediaService'.
@affiliate/db:dev: src/utils.ts(676,14): error TS2323: Cannot redeclare exported variable 'merchantService'.
@affiliate/db:dev: src/utils.ts(729,14): error TS2323: Cannot redeclare exported variable 'auditService'.
@affiliate/db:dev: src/utils.ts(771,14): error TS2323: Cannot redeclare exported variable 'recipeService'.
@affiliate/db:dev: src/utils.ts(865,14): error TS2323: Cannot redeclare exported variable 'aiContentService'.
@affiliate/db:dev: src/utils.ts(925,14): error TS2323: Cannot redeclare exported variable 'notificationService'.
@affiliate/db:dev: src/utils.ts(972,14): error TS2323: Cannot redeclare exported variable 'contentTypeService'.
@affiliate/db:dev: src/utils.ts(1025,14): error TS2323: Cannot redeclare exported variable 'customNicheService'.
@affiliate/db:dev: src/utils.ts(1083,14): error TS2323: Cannot redeclare exported variable 'autoBlogPostService'.
@affiliate/db:dev: src/utils.ts(1169,14): error TS2323: Cannot redeclare exported variable 'contentScheduleService'.
@affiliate/db:dev: src/utils.ts(1251,14): error TS2323: Cannot redeclare exported variable 'productCategoryService'.
@affiliate/db:dev: src/utils.ts(1357,11): error TS7034: Variable 'rootCategories' implicitly has type 'any[]' in some locations where its type cannot be determined.
@affiliate/db:dev: src/utils.ts(1359,24): error TS7006: Parameter 'category' implicitly has an 'any' type.
@affiliate/db:dev: src/utils.ts(1363,24): error TS7006: Parameter 'category' implicitly has an 'any' type.
@affiliate/db:dev: src/utils.ts(1375,12): error TS7005: Variable 'rootCategories' implicitly has an 'any[]' type.
@affiliate/db:dev: src/utils.ts(1380,3): error TS2323: Cannot redeclare exported variable 'contentService'.
@affiliate/db:dev: src/utils.ts(1380,3): error TS2484: Export declaration conflicts with exported declaration of 'contentService'.
@affiliate/db:dev: src/utils.ts(1381,3): error TS2323: Cannot redeclare exported variable 'siteService'.
@affiliate/db:dev: src/utils.ts(1381,3): error TS2484: Export declaration conflicts with exported declaration of 'siteService'.
@affiliate/db:dev: src/utils.ts(1382,3): error TS2323: Cannot redeclare exported variable 'affiliateLinkService'.
@affiliate/db:dev: src/utils.ts(1382,3): error TS2484: Export declaration conflicts with exported declaration of 'affiliateLinkService'.
@affiliate/db:dev: src/utils.ts(1383,3): error TS2323: Cannot redeclare exported variable 'productService'.
@affiliate/db:dev: src/utils.ts(1383,3): error TS2484: Export declaration conflicts with exported declaration of 'productService'.
@affiliate/db:dev: src/utils.ts(1384,3): error TS2323: Cannot redeclare exported variable 'categoryService'.
@affiliate/db:dev: src/utils.ts(1384,3): error TS2484: Export declaration conflicts with exported declaration of 'categoryService'.
@affiliate/db:dev: src/utils.ts(1385,3): error TS2323: Cannot redeclare exported variable 'tagService'.
@affiliate/db:dev: src/utils.ts(1385,3): error TS2484: Export declaration conflicts with exported declaration of 'tagService'.
@affiliate/db:dev: src/utils.ts(1386,3): error TS2323: Cannot redeclare exported variable 'mediaService'.
@affiliate/db:dev: src/utils.ts(1386,3): error TS2484: Export declaration conflicts with exported declaration of 'mediaService'.
@affiliate/db:dev: src/utils.ts(1387,3): error TS2323: Cannot redeclare exported variable 'merchantService'.
@affiliate/db:dev: src/utils.ts(1387,3): error TS2484: Export declaration conflicts with exported declaration of 'merchantService'.
@affiliate/db:dev: src/utils.ts(1388,3): error TS2323: Cannot redeclare exported variable 'auditService'.
@affiliate/db:dev: src/utils.ts(1388,3): error TS2484: Export declaration conflicts with exported declaration of 'auditService'.
@affiliate/db:dev: src/utils.ts(1389,3): error TS2323: Cannot redeclare exported variable 'newsletterService'.
@affiliate/db:dev: src/utils.ts(1389,3): error TS2484: Export declaration conflicts with exported declaration of 'newsletterService'.
@affiliate/db:dev: src/utils.ts(1390,3): error TS2323: Cannot redeclare exported variable 'recipeService'.
@affiliate/db:dev: src/utils.ts(1390,3): error TS2484: Export declaration conflicts with exported declaration of 'recipeService'.
@affiliate/db:dev: src/utils.ts(1391,3): error TS2323: Cannot redeclare exported variable 'aiContentService'.
@affiliate/db:dev: src/utils.ts(1391,3): error TS2484: Export declaration conflicts with exported declaration of 'aiContentService'.
@affiliate/db:dev: src/utils.ts(1392,3): error TS2323: Cannot redeclare exported variable 'notificationService'.
@affiliate/db:dev: src/utils.ts(1392,3): error TS2484: Export declaration conflicts with exported declaration of 'notificationService'.
@affiliate/db:dev: src/utils.ts(1393,3): error TS2323: Cannot redeclare exported variable 'contentTypeService'.
@affiliate/db:dev: src/utils.ts(1393,3): error TS2484: Export declaration conflicts with exported declaration of 'contentTypeService'.
@affiliate/db:dev: src/utils.ts(1394,3): error TS2323: Cannot redeclare exported variable 'customNicheService'.
@affiliate/db:dev: src/utils.ts(1394,3): error TS2484: Export declaration conflicts with exported declaration of 'customNicheService'.
@affiliate/db:dev: src/utils.ts(1395,3): error TS2323: Cannot redeclare exported variable 'autoBlogPostService'.
@affiliate/db:dev: src/utils.ts(1395,3): error TS2484: Export declaration conflicts with exported declaration of 'autoBlogPostService'.
@affiliate/db:dev: src/utils.ts(1396,3): error TS2323: Cannot redeclare exported variable 'contentScheduleService'.
@affiliate/db:dev: src/utils.ts(1396,3): error TS2484: Export declaration conflicts with exported declaration of 'contentScheduleService'.
@affiliate/db:dev: src/utils.ts(1397,3): error TS2323: Cannot redeclare exported variable 'productCategoryService'.
@affiliate/db:dev: src/utils.ts(1397,3): error TS2484: Export declaration conflicts with exported declaration of 'productCategoryService'.
@affiliate/db:dev: 
@affiliate/db:dev: 6:17:03 PM - Found 71 errors. Watching for file changes.
@affiliate/db:dev: [2J[3J[H6:18:17 PM - File change detected. Starting incremental compilation...
@affiliate/db:dev: 
@affiliate/db:dev: src/index.ts(1,10): error TS2305: Module '"@prisma/client"' has no exported member 'PrismaClient'.
@affiliate/db:dev: src/index.ts(4,10): error TS2305: Module '"@prisma/client"' has no exported member 'PrismaClient'.
@affiliate/db:dev: src/seed.ts(1,10): error TS2305: Module '"@prisma/client"' has no exported member 'PrismaClient'.
@affiliate/db:dev: src/utils.ts(1,10): error TS2305: Module '"@prisma/client"' has no exported member 'PrismaClient'.
@affiliate/db:dev: src/utils.ts(1,24): error TS2305: Module '"@prisma/client"' has no exported member 'Prisma'.
@affiliate/db:dev: src/utils.ts(280,45): error TS7006: Parameter 'click' implicitly has an 'any' type.
@affiliate/db:dev: src/utils.ts(281,39): error TS7006: Parameter 'click' implicitly has an 'any' type.
@affiliate/db:dev: src/utils.ts(383,45): error TS7006: Parameter 'click' implicitly has an 'any' type.
@affiliate/db:dev: src/utils.ts(384,39): error TS7006: Parameter 'click' implicitly has an 'any' type.
@affiliate/db:dev: src/utils.ts(388,41): error TS7006: Parameter 'sum' implicitly has an 'any' type.
@affiliate/db:dev: src/utils.ts(388,46): error TS7006: Parameter 'click' implicitly has an 'any' type.
@affiliate/db:dev: src/utils.ts(423,31): error TS7006: Parameter 'stat' implicitly has an 'any' type.
@affiliate/db:dev: src/utils.ts(437,28): error TS7006: Parameter 'p' implicitly has an 'any' type.
@affiliate/db:dev: src/utils.ts(1359,24): error TS7006: Parameter 'category' implicitly has an 'any' type.
@affiliate/db:dev: src/utils.ts(1363,24): error TS7006: Parameter 'category' implicitly has an 'any' type.
@affiliate/db:dev: 
@affiliate/db:dev: 6:18:18 PM - Found 15 errors. Watching for file changes.
  x Internal errors encountered: external process killed a task

